2020-08-18 13:07:47.137  INFO 10304 --- [main] c.b.bookstore.BookStoreApplication       : Starting BookStoreApplication on DESKTOP-68KKP3T with PID 10304 (E:\Book\BookstoreApis\target\classes started by HP in E:\Book\BookstoreApis)
2020-08-18 13:07:47.150  INFO 10304 --- [main] c.b.bookstore.BookStoreApplication       : The following profiles are active: development
2020-08-18 13:07:49.965  INFO 10304 --- [main] .s.d.r.c.RepositoryConfigurationDelegate : Multiple Spring Data modules found, entering strict repository configuration mode!
2020-08-18 13:07:49.970  INFO 10304 --- [main] .s.d.r.c.RepositoryConfigurationDelegate : Bootstrapping Spring Data Elasticsearch repositories in DEFAULT mode.
2020-08-18 13:07:50.083  INFO 10304 --- [main] .RepositoryConfigurationExtensionSupport : Spring Data Elasticsearch - Could not safely identify store assignment for repository candidate interface com.bridgelabz.bookstore.repository.BookQuantityRepository. If you want this repository to be a Elasticsearch repository, consider annotating your entities with one of these annotations: org.springframework.data.elasticsearch.annotations.Document (preferred), or consider extending one of the following types with your repository: org.springframework.data.elasticsearch.repository.ElasticsearchRepository, org.springframework.data.elasticsearch.repository.ElasticsearchCrudRepository.
2020-08-18 13:07:50.087  INFO 10304 --- [main] .RepositoryConfigurationExtensionSupport : Spring Data Elasticsearch - Could not safely identify store assignment for repository candidate interface com.bridgelabz.bookstore.repository.BookRepository. If you want this repository to be a Elasticsearch repository, consider annotating your entities with one of these annotations: org.springframework.data.elasticsearch.annotations.Document (preferred), or consider extending one of the following types with your repository: org.springframework.data.elasticsearch.repository.ElasticsearchRepository, org.springframework.data.elasticsearch.repository.ElasticsearchCrudRepository.
2020-08-18 13:07:50.091  INFO 10304 --- [main] .RepositoryConfigurationExtensionSupport : Spring Data Elasticsearch - Could not safely identify store assignment for repository candidate interface com.bridgelabz.bookstore.repository.ReviewRepository. If you want this repository to be a Elasticsearch repository, consider annotating your entities with one of these annotations: org.springframework.data.elasticsearch.annotations.Document (preferred), or consider extending one of the following types with your repository: org.springframework.data.elasticsearch.repository.ElasticsearchRepository, org.springframework.data.elasticsearch.repository.ElasticsearchCrudRepository.
2020-08-18 13:07:50.094  INFO 10304 --- [main] .RepositoryConfigurationExtensionSupport : Spring Data Elasticsearch - Could not safely identify store assignment for repository candidate interface com.bridgelabz.bookstore.repository.UserAddressRepository. If you want this repository to be a Elasticsearch repository, consider annotating your entities with one of these annotations: org.springframework.data.elasticsearch.annotations.Document (preferred), or consider extending one of the following types with your repository: org.springframework.data.elasticsearch.repository.ElasticsearchRepository, org.springframework.data.elasticsearch.repository.ElasticsearchCrudRepository.
2020-08-18 13:07:50.099  INFO 10304 --- [main] .RepositoryConfigurationExtensionSupport : Spring Data Elasticsearch - Could not safely identify store assignment for repository candidate interface com.bridgelabz.bookstore.repository.UserRepository. If you want this repository to be a Elasticsearch repository, consider annotating your entities with one of these annotations: org.springframework.data.elasticsearch.annotations.Document (preferred), or consider extending one of the following types with your repository: org.springframework.data.elasticsearch.repository.ElasticsearchRepository, org.springframework.data.elasticsearch.repository.ElasticsearchCrudRepository.
2020-08-18 13:07:50.100  INFO 10304 --- [main] .s.d.r.c.RepositoryConfigurationDelegate : Finished Spring Data repository scanning in 119ms. Found 0 Elasticsearch repository interfaces.
2020-08-18 13:07:50.112  INFO 10304 --- [main] .s.d.r.c.RepositoryConfigurationDelegate : Multiple Spring Data modules found, entering strict repository configuration mode!
2020-08-18 13:07:50.114  INFO 10304 --- [main] .s.d.r.c.RepositoryConfigurationDelegate : Bootstrapping Spring Data Reactive Elasticsearch repositories in DEFAULT mode.
2020-08-18 13:07:50.136  INFO 10304 --- [main] .RepositoryConfigurationExtensionSupport : Spring Data Reactive Elasticsearch - Could not safely identify store assignment for repository candidate interface com.bridgelabz.bookstore.repository.BookQuantityRepository. If you want this repository to be a Reactive Elasticsearch repository, consider annotating your entities with one of these annotations: org.springframework.data.elasticsearch.annotations.Document (preferred), or consider extending one of the following types with your repository: org.springframework.data.elasticsearch.repository.ReactiveElasticsearchRepository.
2020-08-18 13:07:50.137  INFO 10304 --- [main] .RepositoryConfigurationExtensionSupport : Spring Data Reactive Elasticsearch - Could not safely identify store assignment for repository candidate interface com.bridgelabz.bookstore.repository.BookRepository. If you want this repository to be a Reactive Elasticsearch repository, consider annotating your entities with one of these annotations: org.springframework.data.elasticsearch.annotations.Document (preferred), or consider extending one of the following types with your repository: org.springframework.data.elasticsearch.repository.ReactiveElasticsearchRepository.
2020-08-18 13:07:50.138  INFO 10304 --- [main] .RepositoryConfigurationExtensionSupport : Spring Data Reactive Elasticsearch - Could not safely identify store assignment for repository candidate interface com.bridgelabz.bookstore.repository.ReviewRepository. If you want this repository to be a Reactive Elasticsearch repository, consider annotating your entities with one of these annotations: org.springframework.data.elasticsearch.annotations.Document (preferred), or consider extending one of the following types with your repository: org.springframework.data.elasticsearch.repository.ReactiveElasticsearchRepository.
2020-08-18 13:07:50.140  INFO 10304 --- [main] .RepositoryConfigurationExtensionSupport : Spring Data Reactive Elasticsearch - Could not safely identify store assignment for repository candidate interface com.bridgelabz.bookstore.repository.UserAddressRepository. If you want this repository to be a Reactive Elasticsearch repository, consider annotating your entities with one of these annotations: org.springframework.data.elasticsearch.annotations.Document (preferred), or consider extending one of the following types with your repository: org.springframework.data.elasticsearch.repository.ReactiveElasticsearchRepository.
2020-08-18 13:07:50.141  INFO 10304 --- [main] .RepositoryConfigurationExtensionSupport : Spring Data Reactive Elasticsearch - Could not safely identify store assignment for repository candidate interface com.bridgelabz.bookstore.repository.UserRepository. If you want this repository to be a Reactive Elasticsearch repository, consider annotating your entities with one of these annotations: org.springframework.data.elasticsearch.annotations.Document (preferred), or consider extending one of the following types with your repository: org.springframework.data.elasticsearch.repository.ReactiveElasticsearchRepository.
2020-08-18 13:07:50.141  INFO 10304 --- [main] .s.d.r.c.RepositoryConfigurationDelegate : Finished Spring Data repository scanning in 27ms. Found 0 Reactive Elasticsearch repository interfaces.
2020-08-18 13:07:50.161  INFO 10304 --- [main] .s.d.r.c.RepositoryConfigurationDelegate : Multiple Spring Data modules found, entering strict repository configuration mode!
2020-08-18 13:07:50.161  INFO 10304 --- [main] .s.d.r.c.RepositoryConfigurationDelegate : Bootstrapping Spring Data JPA repositories in DEFAULT mode.
2020-08-18 13:07:50.289  INFO 10304 --- [main] .s.d.r.c.RepositoryConfigurationDelegate : Finished Spring Data repository scanning in 118ms. Found 5 JPA repository interfaces.
2020-08-18 13:07:51.469  INFO 10304 --- [main] o.s.b.w.embedded.tomcat.TomcatWebServer  : Tomcat initialized with port(s): 8082 (http)
2020-08-18 13:07:51.484  INFO 10304 --- [main] o.apache.catalina.core.StandardService   : Starting service [Tomcat]
2020-08-18 13:07:51.485  INFO 10304 --- [main] org.apache.catalina.core.StandardEngine  : Starting Servlet engine: [Apache Tomcat/9.0.33]
2020-08-18 13:07:52.026  INFO 10304 --- [main] o.a.c.c.C.[Tomcat].[localhost].[/]       : Initializing Spring embedded WebApplicationContext
2020-08-18 13:07:52.026  INFO 10304 --- [main] o.s.web.context.ContextLoader            : Root WebApplicationContext: initialization completed in 4770 ms
2020-08-18 13:07:52.377  INFO 10304 --- [main] o.hibernate.jpa.internal.util.LogHelper  : HHH000204: Processing PersistenceUnitInfo [name: default]
2020-08-18 13:07:52.715  INFO 10304 --- [main] org.hibernate.Version                    : HHH000412: Hibernate ORM core version 5.4.12.Final
2020-08-18 13:07:53.056  INFO 10304 --- [main] o.hibernate.annotations.common.Version   : HCANN000001: Hibernate Commons Annotations {5.1.0.Final}
2020-08-18 13:07:53.304  INFO 10304 --- [main] com.zaxxer.hikari.HikariDataSource       : HikariPool-1 - Starting...
2020-08-18 13:07:55.182  INFO 10304 --- [main] com.zaxxer.hikari.HikariDataSource       : HikariPool-1 - Start completed.
2020-08-18 13:07:55.230  INFO 10304 --- [main] org.hibernate.dialect.Dialect            : HHH000400: Using dialect: org.hibernate.dialect.MySQL5InnoDBDialect
2020-08-18 13:08:00.237  INFO 10304 --- [main] o.h.e.t.j.p.i.JtaPlatformInitiator       : HHH000490: Using JtaPlatform implementation: [org.hibernate.engine.transaction.jta.platform.internal.NoJtaPlatform]
2020-08-18 13:08:00.253  INFO 10304 --- [main] j.LocalContainerEntityManagerFactoryBean : Initialized JPA EntityManagerFactory for persistence unit 'default'
2020-08-18 13:08:05.315  WARN 10304 --- [main] JpaBaseConfiguration$JpaWebConfiguration : spring.jpa.open-in-view is enabled by default. Therefore, database queries may be performed during view rendering. Explicitly configure spring.jpa.open-in-view to disable this warning
2020-08-18 13:08:05.675  INFO 10304 --- [main] pertySourcedRequestMappingHandlerMapping : Mapped URL path [/v2/api-docs] onto method [springfox.documentation.swagger2.web.Swagger2Controller#getDocumentation(String, HttpServletRequest)]
2020-08-18 13:08:05.987  INFO 10304 --- [main] o.s.s.concurrent.ThreadPoolTaskExecutor  : Initializing ExecutorService 'applicationTaskExecutor'
2020-08-18 13:08:06.749  INFO 10304 --- [main] d.s.w.p.DocumentationPluginsBootstrapper : Context refreshed
2020-08-18 13:08:06.786  INFO 10304 --- [main] d.s.w.p.DocumentationPluginsBootstrapper : Found 1 custom documentation plugin(s)
2020-08-18 13:08:06.849  INFO 10304 --- [main] s.d.s.w.s.ApiListingReferenceScanner     : Scanning for api listing references
2020-08-18 13:08:07.213  INFO 10304 --- [main] .d.s.w.r.o.CachingOperationNameGenerator : Generating unique operation named: addProfileUsingPUT_1
2020-08-18 13:08:07.249  INFO 10304 --- [main] .d.s.w.r.o.CachingOperationNameGenerator : Generating unique operation named: removeProfileUsingDELETE_1
2020-08-18 13:08:07.330  INFO 10304 --- [main] .d.s.w.r.o.CachingOperationNameGenerator : Generating unique operation named: addProfileUsingPUT_2
2020-08-18 13:08:07.334  INFO 10304 --- [main] .d.s.w.r.o.CachingOperationNameGenerator : Generating unique operation named: forgotPasswordUsingPOST_1
2020-08-18 13:08:07.346  INFO 10304 --- [main] .d.s.w.r.o.CachingOperationNameGenerator : Generating unique operation named: removeProfileUsingDELETE_2
2020-08-18 13:08:07.364  INFO 10304 --- [main] .d.s.w.r.o.CachingOperationNameGenerator : Generating unique operation named: addProfileUsingPUT_3
2020-08-18 13:08:07.388  INFO 10304 --- [main] .d.s.w.r.o.CachingOperationNameGenerator : Generating unique operation named: registrationUsingPOST_1
2020-08-18 13:08:07.392  INFO 10304 --- [main] .d.s.w.r.o.CachingOperationNameGenerator : Generating unique operation named: removeProfileUsingDELETE_3
2020-08-18 13:08:07.396  INFO 10304 --- [main] .d.s.w.r.o.CachingOperationNameGenerator : Generating unique operation named: resetPasswordUsingPUT_1
2020-08-18 13:08:07.532  INFO 10304 --- [main] o.s.b.w.embedded.tomcat.TomcatWebServer  : Tomcat started on port(s): 8082 (http) with context path ''
2020-08-18 13:08:07.538  INFO 10304 --- [main] c.b.bookstore.BookStoreApplication       : Started BookStoreApplication in 21.396 seconds (JVM running for 25.428)
2020-08-18 13:33:34.254  INFO 10304 --- [RMI TCP Connection(2)-127.0.0.1] inMXBeanRegistrar$SpringApplicationAdmin : Application shutdown requested.
2020-08-18 13:33:34.283  INFO 10304 --- [RMI TCP Connection(2)-127.0.0.1] o.s.s.concurrent.ThreadPoolTaskExecutor  : Shutting down ExecutorService 'applicationTaskExecutor'
2020-08-18 13:33:34.295  INFO 10304 --- [RMI TCP Connection(2)-127.0.0.1] j.LocalContainerEntityManagerFactoryBean : Closing JPA EntityManagerFactory for persistence unit 'default'
2020-08-18 13:33:34.305  INFO 10304 --- [RMI TCP Connection(2)-127.0.0.1] com.zaxxer.hikari.HikariDataSource       : HikariPool-1 - Shutdown initiated...
2020-08-18 13:33:34.340  INFO 10304 --- [RMI TCP Connection(2)-127.0.0.1] com.zaxxer.hikari.HikariDataSource       : HikariPool-1 - Shutdown completed.
